{"level":"error","message":"Erro ao buscar a loja com ID 67792c4b08eb0f4: 😿😿","stack":"CastError: Cast to ObjectId failed for value \"67792c4b08eb0f4\" (type string) at path \"_id\" for model \"Loja\"\n    at SchemaObjectId.cast (C:\\Users\\Catnip\\Documents\\DEV\\Estagio\\Meowble-1\\project\\node_modules\\mongoose\\lib\\schema\\objectId.js:250:11)\n    at SchemaType.applySetters (C:\\Users\\Catnip\\Documents\\DEV\\Estagio\\Meowble-1\\project\\node_modules\\mongoose\\lib\\schemaType.js:1255:12)\n    at SchemaType.castForQuery (C:\\Users\\Catnip\\Documents\\DEV\\Estagio\\Meowble-1\\project\\node_modules\\mongoose\\lib\\schemaType.js:1673:17)\n    at cast (C:\\Users\\Catnip\\Documents\\DEV\\Estagio\\Meowble-1\\project\\node_modules\\mongoose\\lib\\cast.js:390:32)\n    at Query.cast (C:\\Users\\Catnip\\Documents\\DEV\\Estagio\\Meowble-1\\project\\node_modules\\mongoose\\lib\\query.js:4889:12)\n    at Query._castConditions (C:\\Users\\Catnip\\Documents\\DEV\\Estagio\\Meowble-1\\project\\node_modules\\mongoose\\lib\\query.js:2306:10)\n    at model.Query._findOne (C:\\Users\\Catnip\\Documents\\DEV\\Estagio\\Meowble-1\\project\\node_modules\\mongoose\\lib\\query.js:2630:8)\n    at model.Query.exec (C:\\Users\\Catnip\\Documents\\DEV\\Estagio\\Meowble-1\\project\\node_modules\\mongoose\\lib\\query.js:4438:80)\n    at process.processTicksAndRejections (node:internal/process/task_queues:105:5)\n    at async LojaService.findById (C:\\Users\\Catnip\\Documents\\DEV\\Estagio\\Meowble-1\\project\\src\\models\\lojas\\service\\lojaService.ts:77:26)"}
{"level":"error","message":"Erro ao buscar a loja com ID fgvyufyui: 😿😿","stack":"CastError: Cast to ObjectId failed for value \"fgvyufyui\" (type string) at path \"_id\" for model \"Loja\"\n    at SchemaObjectId.cast (C:\\Users\\Catnip\\Documents\\DEV\\Estagio\\Meowble-1\\project\\node_modules\\mongoose\\lib\\schema\\objectId.js:250:11)\n    at SchemaType.applySetters (C:\\Users\\Catnip\\Documents\\DEV\\Estagio\\Meowble-1\\project\\node_modules\\mongoose\\lib\\schemaType.js:1255:12)\n    at SchemaType.castForQuery (C:\\Users\\Catnip\\Documents\\DEV\\Estagio\\Meowble-1\\project\\node_modules\\mongoose\\lib\\schemaType.js:1673:17)\n    at cast (C:\\Users\\Catnip\\Documents\\DEV\\Estagio\\Meowble-1\\project\\node_modules\\mongoose\\lib\\cast.js:390:32)\n    at Query.cast (C:\\Users\\Catnip\\Documents\\DEV\\Estagio\\Meowble-1\\project\\node_modules\\mongoose\\lib\\query.js:4889:12)\n    at Query._castConditions (C:\\Users\\Catnip\\Documents\\DEV\\Estagio\\Meowble-1\\project\\node_modules\\mongoose\\lib\\query.js:2306:10)\n    at model.Query._findOne (C:\\Users\\Catnip\\Documents\\DEV\\Estagio\\Meowble-1\\project\\node_modules\\mongoose\\lib\\query.js:2630:8)\n    at model.Query.exec (C:\\Users\\Catnip\\Documents\\DEV\\Estagio\\Meowble-1\\project\\node_modules\\mongoose\\lib\\query.js:4438:80)\n    at process.processTicksAndRejections (node:internal/process/task_queues:105:5)\n    at async LojaService.findById (C:\\Users\\Catnip\\Documents\\DEV\\Estagio\\Meowble-1\\project\\src\\models\\lojas\\service\\lojaService.ts:77:26)"}
{"level":"error","message":"Erro ao buscar a loja com ID fgvyufyui: 😿😿"}
{"level":"error","message":"Erro ao buscar a loja com ID SP: 😿😿"}
{"level":"error","message":"Erro ao buscar a loja com ID SP: 😿😿"}
{"level":"error","message":"Erro ao buscar a loja com ID SP: 😿😿"}
{"level":"error","message":"Erro ao buscar loja pelo CEP 01000-000: 😿"}
{"level":"error","message":"Erro ao buscar loja pelo CEP 49037-050: 😿"}
{"level":"error","message":"Erro ao buscar informações de frete"}
{"level":"error","message":"Erro ao buscar lojas por CEP:"}
{"level":"error","message":"Erro ao buscar informações de frete"}
{"level":"error","message":"Erro ao buscar informações de frete"}
{"level":"error","message":"Erro ao buscar lojas por CEP:"}
{"level":"error","message":"Erro ao buscar informações de frete"}
{"level":"error","message":"Erro ao buscar informações de frete"}
{"level":"error","message":"Erro ao buscar frete para a loja MEOWBLE 01:"}
{"level":"error","message":"Erro ao buscar informações de frete"}
{"level":"error","message":"Erro ao buscar frete para a loja MEOWBLE 01:"}
{"level":"error","message":"Erro ao buscar informações de frete"}
{"level":"error","message":"Erro ao buscar frete para a loja MEOWBLE 01:"}
{"level":"error","message":"Erro ao buscar informações de frete"}
{"level":"error","message":"Erro ao buscar frete para a loja MEOWBLE 01:"}
{"level":"error","message":"Erro na chamada à API dos Correios:"}
{"level":"error","message":"Erro na chamada à API dos Correios:"}
{"level":"error","message":"Erro na chamada à API dos Correios:"}
{"level":"error","message":"Erro na chamada à API dos Correios:"}
{"level":"error","message":"Erro na chamada à API dos Correios:"}
{"level":"error","message":"Erro na chamada à API dos Correios:"}
{"level":"error","message":"Erro na chamada à API dos Correios:"}
{"level":"error","message":"Erro na chamada à API dos Correios:"}
{"level":"error","message":"Erro na chamada à API dos Correios:"}
{"level":"error","message":"Erro na chamada à API dos Correios:"}
{"level":"error","message":"Erro na chamada à API dos Correios:"}
{"level":"error","message":"Erro na chamada à API dos Correios:"}
{"level":"error","message":"Erro na chamada à API dos Correios:"}
{"level":"error","message":"Erro na chamada à API dos Correios:"}
{"level":"error","message":"Erro na chamada à API dos Correios:"}
{"level":"error","message":"Erro na chamada à API dos Correios:"}
{"level":"error","message":"Erro na chamada à API dos Correios:"}
{"level":"error","message":"Erro na chamada à API dos Correios:"}
{"level":"error","message":"Erro ao buscar lojas por CEP:"}
{"level":"error","message":"Erro ao buscar lojas por CEP:"}
{"level":"error","message":"Erro ao buscar lojas por CEP: 05202-140"}
{"level":"error","message":"Erro ao buscar lojas por CEP: 05202-140"}
{"level":"error","message":"Erro ao buscar lojas por CEP: 05202-140"}
{"level":"error","message":"Erro ao buscar lojas por CEP: 05202-140"}
{"level":"error","message":"Erro ao buscar lojas por CEP: 05202-140"}
{"level":"error","message":"Erro ao buscar lojas por CEP: 05202-140"}
{"level":"error","message":"Erro ao buscar lojas por CEP: 05202-140"}
{"level":"error","message":"Erro ao buscar lojas por CEP: 05202-140"}
{"level":"error","message":"Erro ao buscar lojas por CEP: 05202-140"}
{"level":"error","message":"Erro ao buscar lojas por CEP: 05202-140"}
{"level":"error","message":"Erro ao buscar lojas por CEP: 05202-140"}
{"level":"error","message":"Erro ao buscar lojas por CEP: 05202-140"}
{"level":"error","mensagem":"Cannot read properties of undefined (reading 'valueOf')","message":"Erro ao buscar lojas por CEP: 05202-140","stack":"TypeError: Cannot read properties of undefined (reading 'valueOf')\n    at lojasMenor50Km.reduce.pdvs (C:\\Users\\Catnip\\Documents\\DEV\\Estagio\\Meowble-1\\project\\src\\lojas\\service\\findByCep\\categorizeStores.ts:12:44)\n    at Array.reduce (<anonymous>)\n    at categorizeStores (C:\\Users\\Catnip\\Documents\\DEV\\Estagio\\Meowble-1\\project\\src\\lojas\\service\\findByCep\\categorizeStores.ts:8:50)\n    at findByCepServiceService.findByCep (C:\\Users\\Catnip\\Documents\\DEV\\Estagio\\Meowble-1\\project\\src\\lojas\\service\\findByCep\\findByCepService.ts:70:59)\n    at process.processTicksAndRejections (node:internal/process/task_queues:105:5)\n    at async LojaController.findByCep (C:\\Users\\Catnip\\Documents\\DEV\\Estagio\\Meowble-1\\project\\src\\lojas\\controller\\lojaController.ts:121:31)\n    at async C:\\Users\\Catnip\\Documents\\DEV\\Estagio\\Meowble-1\\project\\node_modules\\@nestjs\\core\\router\\router-execution-context.js:46:28\n    at async C:\\Users\\Catnip\\Documents\\DEV\\Estagio\\Meowble-1\\project\\node_modules\\@nestjs\\core\\router\\router-proxy.js:9:17"}
{"level":"error","message":"Erro ao buscar lojas por CEP: 05202-140"}
{"level":"error","message":"Erro ao buscar lojas por CEP: 05202-140"}
{"level":"error","message":"Erro ao buscar lojas por CEP: 05202-140"}
{"level":"error","message":"Erro ao buscar lojas por CEP: 05202-140"}
{"level":"error","message":"Erro na chamada à API dos Correios:"}
{"level":"error","message":"Erro ao buscar lojas por CEP: 05202-140"}
